#
# A fatal error has been detected by the Java Runtime Environment:
#
#  EXCEPTION_ACCESS_VIOLATION (0xc0000005) at pc=0x00007ffc8f7a5478, pid=352, tid=2196
#
# JRE version: Java(TM) SE Runtime Environment (17.0.10+11) (build 17.0.10+11-LTS-240)
# Java VM: Java HotSpot(TM) 64-Bit Server VM (17.0.10+11-LTS-240, mixed mode, sharing, tiered, compressed oops, compressed class ptrs, g1 gc, windows-amd64)
# Problematic frame:
# C  [ntdll.dll+0x55478]
#
# No core dump will be written. Minidumps are not enabled by default on client versions of Windows
#
# If you would like to submit a bug report, please visit:
#   https://bugreport.java.com/bugreport/crash.jsp
#

---------------  S U M M A R Y ------------

Command Line: --add-opens=java.base/java.util=ALL-UNNAMED --add-opens=java.base/java.lang=ALL-UNNAMED --add-opens=java.base/java.lang.invoke=ALL-UNNAMED --add-opens=java.prefs/java.util.prefs=ALL-UNNAMED --add-opens=java.base/java.nio.charset=ALL-UNNAMED --add-opens=java.base/java.net=ALL-UNNAMED --add-opens=java.base/java.util.concurrent.atomic=ALL-UNNAMED -Xmx2048m -Dfile.encoding=windows-1252 -Duser.country=BR -Duser.language=pt -Duser.variant -javaagent:C:\Users\jojoj\.gradle\wrapper\dists\gradle-8.3-all\6en3ugtfdg5xnpx44z4qbwgas\gradle-8.3\lib\agents\gradle-instrumentation-agent-8.3.jar org.gradle.launcher.daemon.bootstrap.GradleDaemon 8.3

Host: Intel(R) Xeon(R) CPU E5-2670 v3 @ 2.30GHz, 24 cores, 15G,  Windows 10 , 64 bit Build 19041 (10.0.19041.3636)
Time: Mon Apr 22 15:19:45 2024 Hora oficial do Brasil elapsed time: 865.586040 seconds (0d 0h 14m 25s)

---------------  T H R E A D  ---------------

Current thread (0x0000023b4973e3d0):  JavaThread "Unconstrained build operations Thread 195" [_thread_in_vm, id=2196, stack(0x000000ef13b00000,0x000000ef13c00000)]

Stack: [0x000000ef13b00000,0x000000ef13c00000],  sp=0x000000ef13bf8350,  free space=992k
Native frames: (J=compiled Java code, j=interpreted, Vv=VM code, C=native code)
C  [ntdll.dll+0x55478]
V  [jvm.dll+0x223324]
V  [jvm.dll+0x224978]
V  [jvm.dll+0x224548]
V  [jvm.dll+0x22462d]
V  [jvm.dll+0x213781]
V  [jvm.dll+0x213bd5]
V  [jvm.dll+0x37eb39]
